<?xml version="1.0" encoding="UTF-8"?>
<testsuite xmlns:xsi="http://www.w3.org/2001/XMLSchema-instance" xsi:noNamespaceSchemaLocation="https://maven.apache.org/surefire/maven-surefire-plugin/xsd/surefire-test-report.xsd" name="com.ogeryavenko.SolutionTest" time="0.032" tests="4" errors="0" skipped="0" failures="0">
  <properties>
[...]
</properties>
  <testcase name="example1" classname="com.ogeryavenko.SolutionTest" time="0.001"/>
  <testcase name="example2" classname="com.ogeryavenko.SolutionTest" time="0"/>
  <testcase name="example3" classname="com.ogeryavenko.SolutionTest" time="0"/>
  <testcase name="example4" classname="com.ogeryavenko.SolutionTest" time="0"/>
</testsuite>